****************************************************************************
    3DNA v2.4.4-2019sep09, created and maintained by xiangjun@x3dna.org
****************************************************************************
1. The list of the parameters given below correspond to the 5' to 3' direction
   of strand I and 3' to 5' direction of strand II.

2. All angular parameters, except for the phase angle of sugar pseudo-
   rotation, are measured in degrees in the range of [-180, +180], and all
   displacements are measured in Angstrom units.
****************************************************************************
File name: ddeHU8BZ.pdb
Date and time: Sat Feb 13 19:41:54 2021

Number of base-pairs: 6
Number of atoms: 378
****************************************************************************
TITLE     GALLIUM RUBIDIUM OXYGEN MANGANESE ARGON CARBON SILICON
****************************************************************************
RMSD of the bases (----- for WC bp, + for isolated bp, x for helix change)

            Strand I                    Strand II          Helix
   1   (0.025) ...1>-:...1_:[.DC]C-**--G[.DG]:...6_:-<...1 (0.084)     +
   2   (0.046) ...1>-:...2_:[.DG]G-----C[.DC]:...5_:-<...1 (0.027)     |
   3   (0.068) ...1>-:...3_:[.DT]T-----A[.DA]:...4_:-<...1 (0.055)     |
   4   (0.060) ...1>-:...4_:[.DA]A-----T[.DT]:...3_:-<...1 (0.060)     |
   5   (0.045) ...1>-:...5_:[.DC]C-----G[.DG]:...2_:-<...1 (0.061)     |
   6   (0.108) ...1>-:...6_:[.DG]G-**--C[.DC]:...1_:-<...1 (0.060)     |

Note: This structure contains 2[2] non-Watson-Crick base-pairs.
****************************************************************************
Detailed H-bond information: atom-name pair and length [ O N]
   1 C-**--G  [1]  N4 - N3  2.94
   2 G-----C  [3]  O6 - N4  2.95  N1 - N3  3.04  N2 - O2  3.19
   3 T-----A  [2]  O4 - N6  3.01  N3 - N1  3.10
   4 A-----T  [2]  N6 - O4  3.03  N1 - N3  2.84
   5 C-----G  [3]  N4 - O6  2.78  N3 - N1  2.97  O2 - N2  2.95
   6 G-**--C  [0]
****************************************************************************
Overlap area in Angstrom^2 between polygons defined by atoms on successive
bases. Polygons projected in the mean plane of the designed base-pair step.

Values in parentheses measure the overlap of base ring atoms only. Those
outside parentheses include exocyclic atoms on the ring. Intra- and
inter-strand overlap is designated according to the following diagram:

                    i2  3'      5' j2
                       /|\      |
                        |       |
               Strand I |       | II
                        |       |
                        |       |
                        |      \|/
                    i1  5'      3' j1

     step      i1-i2        i1-j2        j1-i2        j1-j2        sum
   1 CG/CG  0.00( 0.00)  0.00( 0.00)  0.00( 0.00)  0.00( 0.00)  0.00( 0.00)
   2 GT/AC  4.50( 0.34)  0.00( 0.00)  0.00( 0.00)  5.14( 2.90)  9.64( 3.24)
   3 TA/TA  2.41( 0.17)  0.00( 0.00)  0.00( 0.00)  2.72( 0.00)  5.14( 0.17)
   4 AC/GT  5.38( 3.41)  0.00( 0.00)  0.00( 0.00)  4.74( 1.02) 10.12( 4.42)
   5 CG/CG  0.00( 0.00)  0.00( 0.00)  0.00( 0.00)  0.00( 0.00)  0.00( 0.00)
****************************************************************************
Origin (Ox, Oy, Oz) and mean normal vector (Nx, Ny, Nz) of each base-pair in
   the coordinate system of the given structure

      bp        Ox        Oy        Oz        Nx        Ny        Nz
    1 C-G     25.759    25.441    12.558    -0.033    -0.052     0.998
    2 G-C     24.207    25.324    20.754     0.130    -0.073     0.989
    3 T-A     24.273    24.419    23.746     0.033    -0.001     0.999
    4 A-T     23.721    24.438    26.847    -0.047     0.059     0.997
    5 C-G     22.946    25.160    30.066    -0.089     0.092     0.992
    6 G-C     24.520    25.427    37.414    -0.112     0.003     0.994
****************************************************************************
Local base-pair parameters
     bp        Shear    Stretch   Stagger    Buckle  Propeller  Opening
    1 C-G      -6.69     -5.33      1.03     30.39     32.20     -1.88
    2 G-C       0.16      0.16     -0.27    -32.44     22.10     -0.22
    3 T-A      -0.26      0.19      0.29    -12.88    -10.41     -3.93
    4 A-T       0.12     -0.10      0.15     -5.30    -11.00      3.35
    5 C-G       0.46     -0.13     -0.02      2.63      3.59     -2.55
    6 G-C       9.38     -5.52      0.37    -36.24     22.68    -22.64
          ~~~~~~~~~~~~~~~~~~~~~~~~~~~~~~~~~~~~~~~~~~~~~~~~~~~~~~~~~~~~
      ave.      0.53     -1.79      0.26     -8.97      9.86     -4.64
      s.d.      5.13      2.82      0.44     24.52     18.43      9.16
****************************************************************************
Local base-pair step parameters
    step       Shift     Slide      Rise      Tilt      Roll     Twist
   1 CG/CG     -0.69      1.87      8.10      8.66      3.90     69.12
   2 GT/AC     -0.73      0.36      3.02     -4.48      5.37     21.20
   3 TA/TA      0.29      0.45      3.10     -1.28      5.59     31.78
   4 AC/GT      0.67     -0.28      3.31      1.02      2.88     31.55
   5 CG/CG     -1.75      1.51      7.16     -3.15      4.24     82.25
          ~~~~~~~~~~~~~~~~~~~~~~~~~~~~~~~~~~~~~~~~~~~~~~~~~~~~~~~~~~~~
      ave.     -0.44      0.78      4.94      0.16      4.40     47.18
      s.d.      0.95      0.88      2.48      5.18      1.11     26.77
****************************************************************************
Local base-pair helical parameters
    step       X-disp    Y-disp   h-Rise     Incl.       Tip   h-Twist
   1 CG/CG      1.28      1.38      8.06      3.42     -7.59     69.69
   2 GT/AC     -1.00      0.28      3.10     14.11     11.76     22.31
   3 TA/TA     -0.14     -0.73      3.12     10.10      2.32     32.28
   4 AC/GT     -1.04     -1.04      3.29      5.28     -1.88     31.70
   5 CG/CG      0.91      1.15      7.26      3.22      2.39     82.38
          ~~~~~~~~~~~~~~~~~~~~~~~~~~~~~~~~~~~~~~~~~~~~~~~~~~~~~~~~~~~~
      ave.      0.00      0.21      4.97      7.23      1.40     47.67
      s.d.      1.07      1.09      2.48      4.74      7.08     26.58
****************************************************************************
The 'simple' parameters are intuitive for non-Watson-Crick base pairs
and associated base-pair steps (where the above corresponding 3DNA
parameters often appear cryptic). Note that they are for structural
*description* only, not to be fed into the 'rebuild' program. See URL
http://x3dna.org/highlights/details-on-the-simple-base-pair-parameters
and related blogposts on the 3DNA home page for details.

This structure contains 2 non-Watson-Crick (with leading *) base pair(s)
----------------------------------------------------------------------------
Simple base-pair parameters based on RC8--YC6 vectors
      bp        Shear    Stretch   Stagger    Buckle  Propeller  Opening
*    1 C-G      -8.18      2.51      1.03     43.68     -7.21     -1.87
     2 G-C       0.16      0.16     -0.27    -32.21     22.44     -0.22
     3 T-A      -0.25      0.19      0.29    -13.17    -10.04     -3.94
     4 A-T       0.12     -0.10      0.15     -5.05    -11.12      3.34
     5 C-G       0.46     -0.11     -0.02      2.45      3.72     -2.55
*    6 G-C       8.74      6.48      0.37    -34.83    -24.79    -23.29
           ~~~~~~~~~~~~~~~~~~~~~~~~~~~~~~~~~~~~~~~~~~~~~~~~~~~~~~~~~~~~
       ave.      0.17      1.52      0.26     -6.52     -4.50     -4.75
       s.d.      5.36      2.63      0.44     28.66     16.04      9.42
----------------------------------------------------------------------------
Simple base-pair step parameters based on consecutive C1'-C1' vectors
      step       Shift     Slide      Rise      Tilt      Roll     Twist
*    1 CG/CG      0.19      1.98      8.10      9.49     -0.25     18.21
     2 GT/AC     -0.73      0.37      3.02     -4.42      5.42     21.76
     3 TA/TA      0.29      0.45      3.10     -1.24      5.60     30.74
     4 AC/GT      0.68     -0.26      3.31      0.95      2.91     28.88
*    5 CG/CG     -2.27      0.41      7.16     -4.87      2.04     26.59
            ~~~~~~~~~~~~~~~~~~~~~~~~~~~~~~~~~~~~~~~~~~~~~~~~~~~~~~~~~~~~
        ave.     -0.37      0.59      4.94     -0.02      3.14     25.24
        s.d.      1.18      0.83      2.48      5.83      2.45      5.17
****************************************************************************
Structure classification: 

This structure contains more than one helical regions
This is a right-handed nucleic acid structure
****************************************************************************
lambda: virtual angle between C1'-YN1 or C1'-RN9 glycosidic bonds and the
        base-pair C1'-C1' line

C1'-C1': distance between C1' atoms for each base-pair
RN9-YN1: distance between RN9-YN1 atoms for each base-pair
RC8-YC6: distance between RC8-YC6 atoms for each base-pair

    bp     lambda(I) lambda(II)  C1'-C1'   RN9-YN1   RC8-YC6
   1 C-G       3.1     103.0       8.6       7.6       7.7
   2 G-C      56.0      59.0      10.6       8.9       9.8
   3 T-A      53.9      52.6      11.1       9.3      10.1
   4 A-T      64.5      58.9      10.3       8.8       9.9
   5 C-G      55.4      49.4      10.8       8.9       9.9
   6 G-C     104.3      22.7      10.6       9.7       9.9
****************************************************************************
Classification of each dinucleotide step in a right-handed nucleic acid
structure: A-like; B-like; TA-like, or other cases.

    step       Xp      Yp      Zp     XpH     YpH     ZpH    Form
   1 CG/CG   -2.30    7.80    0.75   -1.17    7.75    0.91      
   2 GT/AC   -1.86    9.08    0.24   -3.18    8.73    2.57     B
   3 TA/TA   -2.69    8.88   -0.65   -2.88    8.86    0.92     B
   4 AC/GT   -3.45    9.00   -0.41   -4.46    9.00    0.38     B
   5 CG/CG   -1.68    7.98    0.14   -1.04    7.96    0.39      
****************************************************************************
Minor and major groove widths: direct P-P distances and refined P-P distances
   which take into account the directions of the sugar-phosphate backbones

   (Subtract 5.8 Angstrom from the values to take account of the vdw radii
    of the phosphate groups, and for comparison with FreeHelix and Curves.)

Ref: M. A. El Hassan and C. R. Calladine (1998). ``Two Distinct Modes of
     Protein-induced Bending in DNA.'' J. Mol. Biol., v282, pp331-343.

                  Minor Groove        Major Groove
                 P-P     Refined     P-P     Refined
   1 CG/CG       ---       ---       ---       ---
   2 GT/AC       ---       ---       ---       ---
   3 TA/TA      16.6       ---      17.3       ---
   4 AC/GT       ---       ---       ---       ---
   5 CG/CG       ---       ---       ---       ---
****************************************************************************
Global linear helical axis defined by equivalent C1' and RN9/YN1 atom pairs
Deviation from regular linear helix: 4.34(1.00)
****************************************************************************
Main chain and chi torsion angles: 

Note: alpha:   O3'(i-1)-P-O5'-C5'
      beta:    P-O5'-C5'-C4'
      gamma:   O5'-C5'-C4'-C3'
      delta:   C5'-C4'-C3'-O3'
      epsilon: C4'-C3'-O3'-P(i+1)
      zeta:    C3'-O3'-P(i+1)-O5'(i+1)

      chi for pyrimidines(Y): O4'-C1'-N1-C2
          chi for purines(R): O4'-C1'-N9-C4

Strand I
  base    alpha    beta   gamma   delta  epsilon   zeta    chi
   1 C     ---     ---     48.3   150.3  -139.1   -87.5  -134.8
   2 G    -46.7   169.2    50.2   138.9  -171.2   -79.2   -92.9
   3 T   -102.8    67.2   171.7   157.6  -153.2   -71.0  -150.9
   4 A    -88.5  -179.5    31.0   143.9  -159.7   -76.1   -78.5
   5 C    -99.1    55.2   172.5   157.3  -125.7   -95.1  -129.7
   6 G    -68.1   176.2    55.2   145.1    ---     ---   -102.4

Strand II
  base    alpha    beta   gamma   delta  epsilon   zeta    chi
   1 G    -69.8  -172.9    62.5   150.7    ---     ---   -105.7
   2 C    -43.4   165.2    61.9   141.0  -160.7   -86.2   -97.7
   3 A    -65.4   165.9    48.2    83.6  -174.8   -80.0  -124.4
   4 T    -77.0   168.8    40.0    81.4  -171.3   -78.1  -117.6
   5 G    -72.4   166.0    78.5   144.6  -162.7  -101.9  -111.5
   6 C     ---     ---     54.0   147.2  -155.4   -72.6  -117.2
****************************************************************************
Sugar conformational parameters: 

Note: v0: C4'-O4'-C1'-C2'
      v1: O4'-C1'-C2'-C3'
      v2: C1'-C2'-C3'-C4'
      v3: C2'-C3'-C4'-O4'
      v4: C3'-C4'-O4'-C1'

      tm: the amplitude of pucker
      P:  the phase angle of pseudorotation

Strand I
 base       v0      v1      v2      v3      v4      tm       P    Puckering
   1 C    -18.1    33.0   -35.6    27.9    -5.7    36.1   171.0    C2'-endo
   2 G     -2.5    21.6   -30.5    31.6   -18.0    31.6   195.2    C3'-exo 
   3 T    -15.5    38.7   -45.1    36.1   -13.5    45.1   178.1    C2'-endo
   4 A    -27.7    39.6   -34.5    21.8     3.7    38.0   155.1    C2'-endo
   5 C    -14.2    35.6   -40.7    35.4   -13.4    40.7   179.5    C2'-endo
   6 G    -10.7    29.3   -35.3    32.1   -12.8    35.4   182.6    C3'-exo 

Strand II
 base       v0      v1      v2      v3      v4      tm       P    Puckering
   1 G    -13.3    28.6   -29.3    25.4    -7.9    29.4   174.5    C2'-endo
   2 C     -9.3    19.4   -22.3    18.0    -6.3    22.4   176.4    C2'-endo
   3 A      5.7   -33.0    43.6   -40.1    23.3    44.3    10.4    C3'-endo
   4 T    -11.9   -13.1    30.3   -39.5    31.5    37.9    36.8    C4'-exo 
   5 G    -22.6    36.5   -38.1    26.5    -2.0    39.4   165.4    C2'-endo
   6 C    -19.6    38.0   -39.8    31.2    -8.9    40.2   171.9    C2'-endo
****************************************************************************
Same strand P--P and C1'--C1' virtual bond distances

                 Strand I                          Strand II
    step      P--P     C1'--C1'       step      P--P     C1'--C1'
   1 C/G       ---      5.95         1 G/C      6.87      5.89
   2 G/T      6.95      4.15         2 C/A      6.32      5.24
   3 T/A      6.95      5.07         3 A/T      6.00      4.88
   4 A/C      6.71      4.46         4 T/G      7.36      5.39
   5 C/G      6.48      6.05         5 G/C       ---      5.70
****************************************************************************
Helix radius (radial displacement of P, O4', and C1' atoms in local helix
   frame of each dimer)

                        Strand I                      Strand II
     step         P        O4'       C1'        P        O4'        C1'
   1 CG/CG      9.60      6.75      6.40      6.53      3.52      3.16
   2 GT/AC     10.52      7.45      6.70      8.07      6.93      6.00
   3 TA/TA      8.97      6.03      5.29     10.03      7.49      6.59
   4 AC/GT      9.24      6.09      5.41     10.94      7.97      7.36
   5 CG/CG      9.10      6.59      6.13      7.82      5.43      4.94
****************************************************************************
Position (Px, Py, Pz) and local helical axis vector (Hx, Hy, Hz)
         for each dinucleotide step

     step       Px        Py        Pz        Hx        Hy        Hz
   1 CG/CG     25.39     23.89     16.71      0.06      0.06      1.00
   2 GT/AC     24.27     25.84     22.54     -0.11     -0.28      0.95
   3 TA/TA     23.38     24.08     25.19     -0.11     -0.11      0.99
   4 AC/GT     22.08     24.15     28.30     -0.13      0.00      0.99
   5 CG/CG     23.72     26.40     33.70     -0.05      0.03      1.00
